<?xml version="1.0" encoding="UTF-8"?>
<!-- Generated by org.testng.reporters.JUnitXMLReporter -->
<testsuite ignored="0" hostname="LAPTOP-RJE4IOB2" failures="0" tests="5" name="Test" time="32.918" errors="0" timestamp="2022-11-08T23:34:46 EST">
  <testcase classname="tests.FourTest" name="testFour" time="8.164"/>
  <testcase classname="tests.TwoTest" name="testtwo" time="5.038"/>
  <testcase classname="tests.LoginTest" name="login" time="2.39"/>
  <testcase classname="tests.LoginTest" name="login" time="1.62"/>
  <testcase classname="tests.ThreeTest" name="testThree" time="5.394"/>
</testsuite> <!-- Test -->
