<?xml version="1.0" encoding="UTF-8"?>
<!-- Generated by org.testng.reporters.JUnitXMLReporter -->
<testsuite ignored="0" hostname="LAPTOP-RJE4IOB2" failures="0" tests="5" name="Test" time="18.796" errors="0" timestamp="2022-11-08T16:16:40 EST">
  <testcase classname="tests.FourTest" name="testFour" time="0.012"/>
  <testcase classname="tests.TwoTest" name="testtwo" time="0.0"/>
  <testcase classname="tests.LoginTest" name="login" time="2.401"/>
  <testcase classname="tests.LoginTest" name="login" time="1.76"/>
  <testcase classname="tests.ThreeTest" name="testThree" time="0.0"/>
</testsuite> <!-- Test -->
